https://open.weixin.qq.com/connect/oauth2/authorize?appid=wxb6eb5bc8b62ee6d8&redirect_uri=http%3A%2F%2Fcar.anaf.cn%3A80%2Fcodetest%2Fweixinlogin&response_type=code&scope=snsapi_base#wechat_redirect
handle/GET func: hashcode, signature:  f3f434f6bf3b06bca3a39a235bd4ababf51c239e 
https://open.weixin.qq.com/connect/oauth2/authorize?appid=wxb6eb5bc8b62ee6d8&redirect_uri=http%3A%2F%2Fcar.anaf.cn%3A80%2Fcodetest%2Fweixinlogin&response_type=code&scope=snsapi_base#wechat_redirect
handle/GET func: hashcode, signature:  e8ae3fd0615210ca997714c45288f85e5e8a2832 e8ae3fd0615210ca997714c45288f85e5e8a2832
handle/GET func: hashcode, signature:  f3f434f6bf3b06bca3a39a235bd4ababf51c239e 
handle/GET func: hashcode, signature:  f3f434f6bf3b06bca3a39a235bd4ababf51c239e 
https://open.weixin.qq.com/connect/oauth2/authorize?appid=wxb6eb5bc8b62ee6d8&redirect_uri=http%3A%2F%2Fcar.anaf.cn%3A80%2Fcodetest%2Fweixinlogin&response_type=code&scope=snsapi_base#wechat_redirect
https://open.weixin.qq.com/connect/oauth2/authorize?appid=wxb6eb5bc8b62ee6d8&redirect_uri=http%3A%2F%2Fcar.anaf.cn%3A80%2Fcodetest%2Fweixinlogin&response_type=code&scope=snsapi_base#wechat_redirect
https://open.weixin.qq.com/connect/oauth2/authorize?appid=wxb6eb5bc8b62ee6d8&redirect_uri=http%3A%2F%2Fcar.anaf.cn%3A80%2Fcodetest%2Fweixinlogin&response_type=code&scope=snsapi_base#wechat_redirect
https://open.weixin.qq.com/connect/oauth2/authorize?appid=wxb6eb5bc8b62ee6d8&redirect_uri=http%3A%2F%2Fcar.anaf.cn%3A80%2Fcodetest%2Fweixinlogin&response_type=code&scope=snsapi_base#wechat_redirect
https://open.weixin.qq.com/connect/oauth2/authorize?appid=wxb6eb5bc8b62ee6d8&redirect_uri=http%3A%2F%2Fcar.anaf.cn%3A80%2Fcodetest%2Fweixinlogin&response_type=code&scope=snsapi_base#wechat_redirect
handle/GET func: hashcode, signature:  f3f434f6bf3b06bca3a39a235bd4ababf51c239e 
https://open.weixin.qq.com/connect/oauth2/authorize?appid=wxb6eb5bc8b62ee6d8&redirect_uri=http%3A%2F%2Fcar.anaf.cn%3A80%2Fcodetest%2Fweixinlogin&response_type=code&scope=snsapi_base#wechat_redirect
https://open.weixin.qq.com/connect/oauth2/authorize?appid=wxbdd2d9798f27f33a&redirect_uri=http%3A%2F%2Fcar.anaf.cn%3A80%2Fcodetest%2Fweixinlogin&response_type=code&scope=snsapi_base#wechat_redirect
No JSON object could be decoded
No JSON object could be decoded
error:No JSON object could be decoded
https://open.weixin.qq.com/connect/oauth2/authorize?appid=wxbdd2d9798f27f33a&redirect_uri=http%3A%2F%2Fcar.anaf.cn%3A80%2Fcodetest%2Fweixinlogin&response_type=code&scope=snsapi_base#wechat_redirect
error:No JSON object could be decoded
error:No JSON object could be decoded
error:No JSON object could be decoded
error:No JSON object could be decoded
081kooym1PeUsm0UjkAm1E6zym1kooyf
001HDQ7N1zhy421MbW4N1bPK7N1HDQ7I
061EyS9w0VoXlh1T8Q9w0lEQ9w0EyS98
061Q6zgm1zOxam0bjkfm1IDEgm1Q6zgd
error:No JSON object could be decoded
error:get_user_info() got an unexpected keyword argument 'lan'
